<?xml version="1.0" encoding="UTF-8"?>
<testsuite name="com.location.place.vendor.kakao.api.KakaoPlaceSearchApiTest" tests="1" skipped="0" failures="0" errors="0" timestamp="2022-12-11T11:18:13" hostname="MAC-IRISGRAM.local" time="0.15">
  <properties/>
  <testcase name="sinario" classname="com.location.place.vendor.kakao.api.KakaoPlaceSearchApiTest" time="0.15"/>
  <system-out><![CDATA[]]></system-out>
  <system-err><![CDATA[]]></system-err>
</testsuite>
